Black (O) Wins: 100
Red (X) Wins: 100

Vertical Wins: 83
Horizontal Wins: 63
Diagonal Wins: 54

Total Selections: 3058
Total Moves: 3058
Black (O) Wins: 108
Red (X) Wins: 92

Vertical Wins: 86
Horizontal Wins: 70
Diagonal Wins: 44

Total Selections: 3090
Total Moves: 3090
Black (O) Wins: 90
Red (X) Wins: 110

Vertical Wins: 105
Horizontal Wins: 58
Diagonal Wins: 36

Total Selections: 2992
Total Moves: 2992
Black (O) Wins: 98
Red (X) Wins: 102

Vertical Wins: 79
Horizontal Wins: 73
Diagonal Wins: 48

Total Selections: 3206
Total Moves: 3206
Black (O) Wins: 111
Red (X) Wins: 89

Vertical Wins: 70
Horizontal Wins: 83
Diagonal Wins: 46

Total Selections: 2991
Total Moves: 2991
Black (O) Wins: 117
Red (X) Wins: 83

Vertical Wins: 79
Horizontal Wins: 75
Diagonal Wins: 46

Total Selections: 2999
Total Moves: 2999
Black (O) Wins: 86
Red (X) Wins: 114

Vertical Wins: 93
Horizontal Wins: 57
Diagonal Wins: 49

Total Selections: 2954
Total Moves: 2954
Black (O) Wins: 112
Red (X) Wins: 88

Vertical Wins: 58
Horizontal Wins: 80
Diagonal Wins: 62

Total Selections: 3166
Total Moves: 3166
Black (O) Wins: 81
Red (X) Wins: 119

Vertical Wins: 76
Horizontal Wins: 68
Diagonal Wins: 56

Total Selections: 3161
Total Moves: 3161
Black (O) Wins: 121
Red (X) Wins: 79

Vertical Wins: 71
Horizontal Wins: 91
Diagonal Wins: 38

Total Selections: 2989
Total Moves: 2989
Black (O) Wins: 85
Red (X) Wins: 115

Vertical Wins: 89
Horizontal Wins: 60
Diagonal Wins: 50

Total Selections: 3345
Total Moves: 3345
Black (O) Wins: 83
Red (X) Wins: 117

Vertical Wins: 83
Horizontal Wins: 58
Diagonal Wins: 56

Total Selections: 3355
Total Moves: 3355
Black (O) Wins: 81
Red (X) Wins: 119

Vertical Wins: 95
Horizontal Wins: 62
Diagonal Wins: 43

Total Selections: 3231
Total Moves: 3231
Black (O) Wins: 66
Red (X) Wins: 134

Vertical Wins: 94
Horizontal Wins: 45
Diagonal Wins: 60

Total Selections: 3420
Total Moves: 3420
Black (O) Wins: 117
Red (X) Wins: 83

Vertical Wins: 94
Horizontal Wins: 59
Diagonal Wins: 47

Total Selections: 3187
Total Moves: 3187
Black (O) Wins: 102
Red (X) Wins: 98

Vertical Wins: 88
Horizontal Wins: 67
Diagonal Wins: 45

Total Selections: 3072
Total Moves: 3072
Black (O) Wins: 80
Red (X) Wins: 120

Vertical Wins: 84
Horizontal Wins: 61
Diagonal Wins: 55

Total Selections: 3240
Total Moves: 3240
Black (O) Wins: 97
Red (X) Wins: 103

Vertical Wins: 80
Horizontal Wins: 64
Diagonal Wins: 56

Total Selections: 3225
Total Moves: 3225
Black (O) Wins: 110
Red (X) Wins: 90

Vertical Wins: 91
Horizontal Wins: 63
Diagonal Wins: 45

Total Selections: 2992
Total Moves: 2992
Black (O) Wins: 89
Red (X) Wins: 111

Vertical Wins: 82
Horizontal Wins: 71
Diagonal Wins: 47

Total Selections: 3295
Total Moves: 3295
Black (O) Wins: 113
Red (X) Wins: 87

Vertical Wins: 105
Horizontal Wins: 49
Diagonal Wins: 46

Total Selections: 2869
Total Moves: 2869
Black (O) Wins: 96
Red (X) Wins: 104

Vertical Wins: 96
Horizontal Wins: 55
Diagonal Wins: 48

Total Selections: 3480
Total Moves: 3480
Black (O) Wins: 92
Red (X) Wins: 108

Vertical Wins: 83
Horizontal Wins: 60
Diagonal Wins: 57

Total Selections: 3222
Total Moves: 3222
Black (O) Wins: 134
Red (X) Wins: 66

Vertical Wins: 80
Horizontal Wins: 70
Diagonal Wins: 49

Total Selections: 2974
Total Moves: 2974
Black (O) Wins: 136
Red (X) Wins: 64

Vertical Wins: 68
Horizontal Wins: 80
Diagonal Wins: 52

Total Selections: 2898
Total Moves: 2898
Black (O) Wins: 130
Red (X) Wins: 70

Vertical Wins: 87
Horizontal Wins: 66
Diagonal Wins: 47

Total Selections: 2734
Total Moves: 2734
Black (O) Wins: 117
Red (X) Wins: 83

Vertical Wins: 91
Horizontal Wins: 67
Diagonal Wins: 42

Total Selections: 3097
Total Moves: 3097
Black (O) Wins: 98
Red (X) Wins: 102

Vertical Wins: 88
Horizontal Wins: 55
Diagonal Wins: 57

Total Selections: 3176
Total Moves: 3176
Black (O) Wins: 107
Red (X) Wins: 93

Vertical Wins: 83
Horizontal Wins: 78
Diagonal Wins: 39

Total Selections: 3056
Total Moves: 3055
Black (O) Wins: 107
Red (X) Wins: 93

Vertical Wins: 74
Horizontal Wins: 75
Diagonal Wins: 51

Total Selections: 3101
Total Moves: 3101
Black (O) Wins: 78
Red (X) Wins: 122

Vertical Wins: 78
Horizontal Wins: 66
Diagonal Wins: 56

Total Selections: 3128
Total Moves: 3128
Black (O) Wins: 121
Red (X) Wins: 79

Vertical Wins: 70
Horizontal Wins: 87
Diagonal Wins: 43

Total Selections: 2763
Total Moves: 2763
Black (O) Wins: 87
Red (X) Wins: 113

Vertical Wins: 91
Horizontal Wins: 64
Diagonal Wins: 45

Total Selections: 3291
Total Moves: 3291
Black (O) Wins: 69
Red (X) Wins: 131

Vertical Wins: 89
Horizontal Wins: 56
Diagonal Wins: 54

Total Selections: 3425
Total Moves: 3425
Black (O) Wins: 76
Red (X) Wins: 124

Vertical Wins: 84
Horizontal Wins: 65
Diagonal Wins: 51

Total Selections: 2914
Total Moves: 2914
Black (O) Wins: 64
Red (X) Wins: 136

Vertical Wins: 98
Horizontal Wins: 50
Diagonal Wins: 51

Total Selections: 3072
Total Moves: 3072
Black (O) Wins: 87
Red (X) Wins: 113

Vertical Wins: 78
Horizontal Wins: 61
Diagonal Wins: 60

Total Selections: 3361
Total Moves: 3361
Black (O) Wins: 98
Red (X) Wins: 102

Vertical Wins: 83
Horizontal Wins: 55
Diagonal Wins: 62

Total Selections: 3276
Total Moves: 3276
Black (O) Wins: 126
Red (X) Wins: 74

Vertical Wins: 85
Horizontal Wins: 67
Diagonal Wins: 48

Total Selections: 3290
Total Moves: 3290
Black (O) Wins: 125
Red (X) Wins: 75

Vertical Wins: 87
Horizontal Wins: 57
Diagonal Wins: 56

Total Selections: 3043
Total Moves: 3043
Black (O) Wins: 86
Red (X) Wins: 114

Vertical Wins: 89
Horizontal Wins: 67
Diagonal Wins: 44

Total Selections: 2984
Total Moves: 2984
Black (O) Wins: 126
Red (X) Wins: 74

Vertical Wins: 82
Horizontal Wins: 69
Diagonal Wins: 48

Total Selections: 2932
Total Moves: 2932
Black (O) Wins: 120
Red (X) Wins: 80

Vertical Wins: 72
Horizontal Wins: 84
Diagonal Wins: 44

Total Selections: 3026
Total Moves: 3026
Black (O) Wins: 96
Red (X) Wins: 104

Vertical Wins: 84
Horizontal Wins: 55
Diagonal Wins: 61

Total Selections: 3148
Total Moves: 3148
Black (O) Wins: 85
Red (X) Wins: 115

Vertical Wins: 70
Horizontal Wins: 64
Diagonal Wins: 66

Total Selections: 3279
Total Moves: 3279
Black (O) Wins: 97
Red (X) Wins: 103

Vertical Wins: 69
Horizontal Wins: 64
Diagonal Wins: 67

Total Selections: 3055
Total Moves: 3055
Black (O) Wins: 100
Red (X) Wins: 100

Vertical Wins: 74
Horizontal Wins: 58
Diagonal Wins: 67

Total Selections: 3552
Total Moves: 3552
Black (O) Wins: 119
Red (X) Wins: 81

Vertical Wins: 90
Horizontal Wins: 62
Diagonal Wins: 45

Total Selections: 3395
Total Moves: 3395
Black (O) Wins: 127
Red (X) Wins: 73

Vertical Wins: 81
Horizontal Wins: 70
Diagonal Wins: 49

Total Selections: 2949
Total Moves: 2949
Black (O) Wins: 106
Red (X) Wins: 94

Vertical Wins: 68
Horizontal Wins: 71
Diagonal Wins: 61

Total Selections: 3062
Total Moves: 3062
Black (O) Wins: 101
Red (X) Wins: 99

Vertical Wins: 75
Horizontal Wins: 67
Diagonal Wins: 57

Total Selections: 3199
Total Moves: 3199
Black (O) Wins: 95
Red (X) Wins: 105

Vertical Wins: 66
Horizontal Wins: 75
Diagonal Wins: 56

Total Selections: 3393
Total Moves: 3393
Black (O) Wins: 76
Red (X) Wins: 124

Vertical Wins: 93
Horizontal Wins: 54
Diagonal Wins: 52

Total Selections: 3216
Total Moves: 3216
Black (O) Wins: 93
Red (X) Wins: 107

Vertical Wins: 88
Horizontal Wins: 56
Diagonal Wins: 56

Total Selections: 3239
Total Moves: 3239
Black (O) Wins: 87
Red (X) Wins: 113

Vertical Wins: 74
Horizontal Wins: 62
Diagonal Wins: 64

Total Selections: 3411
Total Moves: 3411
Black (O) Wins: 121
Red (X) Wins: 79

Vertical Wins: 78
Horizontal Wins: 73
Diagonal Wins: 48

Total Selections: 3117
Total Moves: 3117
Black (O) Wins: 71
Red (X) Wins: 129

Vertical Wins: 79
Horizontal Wins: 74
Diagonal Wins: 47

Total Selections: 3275
Total Moves: 3275
Black (O) Wins: 48
Red (X) Wins: 152

Vertical Wins: 84
Horizontal Wins: 48
Diagonal Wins: 68

Total Selections: 3374
Total Moves: 3374
Black (O) Wins: 75
Red (X) Wins: 125

Vertical Wins: 68
Horizontal Wins: 73
Diagonal Wins: 59

Total Selections: 3207
Total Moves: 3207
Black (O) Wins: 77
Red (X) Wins: 123

Vertical Wins: 66
Horizontal Wins: 68
Diagonal Wins: 66

Total Selections: 3515
Total Moves: 3515
Black (O) Wins: 104
Red (X) Wins: 96

Vertical Wins: 80
Horizontal Wins: 67
Diagonal Wins: 53

Total Selections: 3250
Total Moves: 3250
Black (O) Wins: 118
Red (X) Wins: 82

Vertical Wins: 74
Horizontal Wins: 74
Diagonal Wins: 52

Total Selections: 3228
Total Moves: 3228
Black (O) Wins: 106
Red (X) Wins: 94

Vertical Wins: 89
Horizontal Wins: 63
Diagonal Wins: 48

Total Selections: 3160
Total Moves: 3160
Black (O) Wins: 94
Red (X) Wins: 106

Vertical Wins: 74
Horizontal Wins: 71
Diagonal Wins: 55

Total Selections: 3246
Total Moves: 3246
Black (O) Wins: 84
Red (X) Wins: 116

Vertical Wins: 88
Horizontal Wins: 58
Diagonal Wins: 54

Total Selections: 3328
Total Moves: 3328
Black (O) Wins: 103
Red (X) Wins: 97

Vertical Wins: 79
Horizontal Wins: 61
Diagonal Wins: 60

Total Selections: 3211
Total Moves: 3211
Black (O) Wins: 124
Red (X) Wins: 76

Vertical Wins: 79
Horizontal Wins: 74
Diagonal Wins: 46

Total Selections: 2976
Total Moves: 2976
Black (O) Wins: 128
Red (X) Wins: 72

Vertical Wins: 97
Horizontal Wins: 61
Diagonal Wins: 42

Total Selections: 3188
Total Moves: 3188
Black (O) Wins: 117
Red (X) Wins: 83

Vertical Wins: 72
Horizontal Wins: 67
Diagonal Wins: 61

Total Selections: 3297
Total Moves: 3297
Black (O) Wins: 139
Red (X) Wins: 61

Vertical Wins: 96
Horizontal Wins: 57
Diagonal Wins: 46

Total Selections: 3087
Total Moves: 3087
Black (O) Wins: 122
Red (X) Wins: 78

Vertical Wins: 82
Horizontal Wins: 71
Diagonal Wins: 47

Total Selections: 3290
Total Moves: 3290
Black (O) Wins: 126
Red (X) Wins: 74

Vertical Wins: 79
Horizontal Wins: 58
Diagonal Wins: 63

Total Selections: 3386
Total Moves: 3386
Black (O) Wins: 106
Red (X) Wins: 94

Vertical Wins: 85
Horizontal Wins: 57
Diagonal Wins: 58

Total Selections: 3458
Total Moves: 3458
Black (O) Wins: 131
Red (X) Wins: 69

Vertical Wins: 80
Horizontal Wins: 69
Diagonal Wins: 51

Total Selections: 3195
Total Moves: 3195
Black (O) Wins: 120
Red (X) Wins: 80

Vertical Wins: 67
Horizontal Wins: 69
Diagonal Wins: 64

Total Selections: 3396
Total Moves: 3396
Black (O) Wins: 117
Red (X) Wins: 83

Vertical Wins: 79
Horizontal Wins: 69
Diagonal Wins: 51

Total Selections: 3223
Total Moves: 3223
Black (O) Wins: 93
Red (X) Wins: 107

Vertical Wins: 102
Horizontal Wins: 63
Diagonal Wins: 35

Total Selections: 3115
Total Moves: 3115
Black (O) Wins: 124
Red (X) Wins: 76

Vertical Wins: 81
Horizontal Wins: 76
Diagonal Wins: 42

Total Selections: 3308
Total Moves: 3308
Black (O) Wins: 143
Red (X) Wins: 57

Vertical Wins: 68
Horizontal Wins: 75
Diagonal Wins: 57

Total Selections: 3285
Total Moves: 3285
Black (O) Wins: 126
Red (X) Wins: 74

Vertical Wins: 73
Horizontal Wins: 74
Diagonal Wins: 52

Total Selections: 3152
Total Moves: 3152
Black (O) Wins: 126
Red (X) Wins: 74

Vertical Wins: 76
Horizontal Wins: 76
Diagonal Wins: 46

Total Selections: 3474
Total Moves: 3474
Black (O) Wins: 142
Red (X) Wins: 58

Vertical Wins: 69
Horizontal Wins: 91
Diagonal Wins: 40

Total Selections: 3082
Total Moves: 3082
Black (O) Wins: 144
Red (X) Wins: 56

Vertical Wins: 76
Horizontal Wins: 93
Diagonal Wins: 31

Total Selections: 2864
Total Moves: 2864
Black (O) Wins: 126
Red (X) Wins: 74

Vertical Wins: 83
Horizontal Wins: 72
Diagonal Wins: 45

Total Selections: 2906
Total Moves: 2906
Black (O) Wins: 73
Red (X) Wins: 127

Vertical Wins: 94
Horizontal Wins: 59
Diagonal Wins: 47

Total Selections: 3313
Total Moves: 3313
Black (O) Wins: 115
Red (X) Wins: 85

Vertical Wins: 68
Horizontal Wins: 66
Diagonal Wins: 66

Total Selections: 3245
Total Moves: 3245
Black (O) Wins: 135
Red (X) Wins: 65

Vertical Wins: 75
Horizontal Wins: 72
Diagonal Wins: 53

Total Selections: 3117
Total Moves: 3117
Black (O) Wins: 124
Red (X) Wins: 76

Vertical Wins: 98
Horizontal Wins: 61
Diagonal Wins: 41

Total Selections: 2974
Total Moves: 2974
Black (O) Wins: 93
Red (X) Wins: 107

Vertical Wins: 90
Horizontal Wins: 55
Diagonal Wins: 55

Total Selections: 3331
Total Moves: 3331
Black (O) Wins: 123
Red (X) Wins: 77

Vertical Wins: 68
Horizontal Wins: 68
Diagonal Wins: 64

Total Selections: 3481
Total Moves: 3481
Black (O) Wins: 108
Red (X) Wins: 92

Vertical Wins: 72
Horizontal Wins: 72
Diagonal Wins: 56

Total Selections: 3194
Total Moves: 3194
Black (O) Wins: 109
Red (X) Wins: 91

Vertical Wins: 79
Horizontal Wins: 72
Diagonal Wins: 47

Total Selections: 3561
Total Moves: 3561
Black (O) Wins: 85
Red (X) Wins: 115

Vertical Wins: 76
Horizontal Wins: 69
Diagonal Wins: 55

Total Selections: 3207
Total Moves: 3207
Black (O) Wins: 105
Red (X) Wins: 95

Vertical Wins: 85
Horizontal Wins: 69
Diagonal Wins: 46

Total Selections: 3193
Total Moves: 3193
Black (O) Wins: 131
Red (X) Wins: 69

Vertical Wins: 99
Horizontal Wins: 53
Diagonal Wins: 46

Total Selections: 3235
Total Moves: 3235
Black (O) Wins: 127
Red (X) Wins: 73

Vertical Wins: 74
Horizontal Wins: 64
Diagonal Wins: 62

Total Selections: 3303
Total Moves: 3303
Black (O) Wins: 128
Red (X) Wins: 72

Vertical Wins: 80
Horizontal Wins: 70
Diagonal Wins: 50

Total Selections: 3294
Total Moves: 3294
Black (O) Wins: 122
Red (X) Wins: 78

Vertical Wins: 85
Horizontal Wins: 71
Diagonal Wins: 44

Total Selections: 2980
Total Moves: 2980
Black (O) Wins: 115
Red (X) Wins: 85

Vertical Wins: 81
Horizontal Wins: 75
Diagonal Wins: 44

Total Selections: 3135
Total Moves: 3135
Black (O) Wins: 140
Red (X) Wins: 60

Vertical Wins: 77
Horizontal Wins: 78
Diagonal Wins: 44

Total Selections: 3036
Total Moves: 3036
Black (O) Wins: 104
Red (X) Wins: 96

Vertical Wins: 91
Horizontal Wins: 62
Diagonal Wins: 46

Total Selections: 3014
Total Moves: 3014
Black (O) Wins: 133
Red (X) Wins: 67

Vertical Wins: 87
Horizontal Wins: 71
Diagonal Wins: 41

Total Selections: 3223
Total Moves: 3223
Black (O) Wins: 155
Red (X) Wins: 45

Vertical Wins: 82
Horizontal Wins: 76
Diagonal Wins: 42

Total Selections: 2923
Total Moves: 2923
Black (O) Wins: 139
Red (X) Wins: 61

Vertical Wins: 83
Horizontal Wins: 55
Diagonal Wins: 62

Total Selections: 3139
Total Moves: 3139
Black (O) Wins: 120
Red (X) Wins: 80

Vertical Wins: 83
Horizontal Wins: 54
Diagonal Wins: 63

Total Selections: 3484
Total Moves: 3484
Black (O) Wins: 146
Red (X) Wins: 54

Vertical Wins: 76
Horizontal Wins: 76
Diagonal Wins: 47

Total Selections: 3388
Total Moves: 3388
Black (O) Wins: 150
Red (X) Wins: 50

Vertical Wins: 74
Horizontal Wins: 75
Diagonal Wins: 50

Total Selections: 3662
Total Moves: 3662
Black (O) Wins: 132
Red (X) Wins: 68

Vertical Wins: 78
Horizontal Wins: 70
Diagonal Wins: 52

Total Selections: 3434
Total Moves: 3434
Black (O) Wins: 149
Red (X) Wins: 51

Vertical Wins: 76
Horizontal Wins: 76
Diagonal Wins: 48

Total Selections: 3095
Total Moves: 3095
Black (O) Wins: 148
Red (X) Wins: 52

Vertical Wins: 83
Horizontal Wins: 74
Diagonal Wins: 42

Total Selections: 3086
Total Moves: 3086
Black (O) Wins: 129
Red (X) Wins: 71

Vertical Wins: 74
Horizontal Wins: 69
Diagonal Wins: 56

Total Selections: 3181
Total Moves: 3181
Black (O) Wins: 124
Red (X) Wins: 76

Vertical Wins: 67
Horizontal Wins: 66
Diagonal Wins: 64

Total Selections: 3298
Total Moves: 3298
Black (O) Wins: 112
Red (X) Wins: 88

Vertical Wins: 77
Horizontal Wins: 62
Diagonal Wins: 60

Total Selections: 3052
Total Moves: 3052
Black (O) Wins: 125
Red (X) Wins: 75

Vertical Wins: 74
Horizontal Wins: 75
Diagonal Wins: 51

Total Selections: 3089
Total Moves: 3089
Black (O) Wins: 82
Red (X) Wins: 118

Vertical Wins: 105
Horizontal Wins: 39
Diagonal Wins: 56

Total Selections: 3468
Total Moves: 3468
Black (O) Wins: 78
Red (X) Wins: 122

Vertical Wins: 89
Horizontal Wins: 56
Diagonal Wins: 54

Total Selections: 3148
Total Moves: 3148
Black (O) Wins: 95
Red (X) Wins: 105

Vertical Wins: 75
Horizontal Wins: 74
Diagonal Wins: 50

Total Selections: 3321
Total Moves: 3321
Black (O) Wins: 76
Red (X) Wins: 124

Vertical Wins: 82
Horizontal Wins: 63
Diagonal Wins: 54

Total Selections: 3034
Total Moves: 3034
Black (O) Wins: 111
Red (X) Wins: 89

Vertical Wins: 78
Horizontal Wins: 73
Diagonal Wins: 49

Total Selections: 3017
Total Moves: 3017
Black (O) Wins: 139
Red (X) Wins: 61

Vertical Wins: 85
Horizontal Wins: 70
Diagonal Wins: 44

Total Selections: 2925
Total Moves: 2925
Black (O) Wins: 138
Red (X) Wins: 62

Vertical Wins: 76
Horizontal Wins: 68
Diagonal Wins: 54

Total Selections: 3302
Total Moves: 3302
Black (O) Wins: 125
Red (X) Wins: 75

Vertical Wins: 64
Horizontal Wins: 71
Diagonal Wins: 64

Total Selections: 3277
Total Moves: 3277
Black (O) Wins: 100
Red (X) Wins: 100

Vertical Wins: 76
Horizontal Wins: 75
Diagonal Wins: 49

Total Selections: 3302
Total Moves: 3302
Black (O) Wins: 60
Red (X) Wins: 140

Vertical Wins: 68
Horizontal Wins: 55
Diagonal Wins: 77

Total Selections: 3404
Total Moves: 3404
Black (O) Wins: 94
Red (X) Wins: 106

Vertical Wins: 77
Horizontal Wins: 66
Diagonal Wins: 57

Total Selections: 3470
Total Moves: 3470
Black (O) Wins: 82
Red (X) Wins: 118

Vertical Wins: 92
Horizontal Wins: 49
Diagonal Wins: 57

Total Selections: 3582
Total Moves: 3582
Black (O) Wins: 86
Red (X) Wins: 114

Vertical Wins: 90
Horizontal Wins: 50
Diagonal Wins: 59

Total Selections: 3504
Total Moves: 3504
Black (O) Wins: 68
Red (X) Wins: 132

Vertical Wins: 89
Horizontal Wins: 62
Diagonal Wins: 49

Total Selections: 3542
Total Moves: 3542
Black (O) Wins: 61
Red (X) Wins: 139

Vertical Wins: 75
Horizontal Wins: 62
Diagonal Wins: 63

Total Selections: 3671
Total Moves: 3671
Black (O) Wins: 95
Red (X) Wins: 105

Vertical Wins: 80
Horizontal Wins: 64
Diagonal Wins: 56

Total Selections: 3399
Total Moves: 3399
Black (O) Wins: 92
Red (X) Wins: 108

Vertical Wins: 85
Horizontal Wins: 55
Diagonal Wins: 60

Total Selections: 3650
Total Moves: 3650
Black (O) Wins: 71
Red (X) Wins: 129

Vertical Wins: 88
Horizontal Wins: 55
Diagonal Wins: 57

Total Selections: 3369
Total Moves: 3369
Black (O) Wins: 97
Red (X) Wins: 103

Vertical Wins: 91
Horizontal Wins: 62
Diagonal Wins: 47

Total Selections: 3319
Total Moves: 3319
Black (O) Wins: 113
Red (X) Wins: 87

Vertical Wins: 77
Horizontal Wins: 71
Diagonal Wins: 52

Total Selections: 3167
Total Moves: 3167
Black (O) Wins: 87
Red (X) Wins: 113

Vertical Wins: 89
Horizontal Wins: 66
Diagonal Wins: 45

Total Selections: 3421
Total Moves: 3421
Black (O) Wins: 87
Red (X) Wins: 113

Vertical Wins: 71
Horizontal Wins: 68
Diagonal Wins: 60

Total Selections: 3443
Total Moves: 3443
Black (O) Wins: 107
Red (X) Wins: 93

Vertical Wins: 85
Horizontal Wins: 71
Diagonal Wins: 44

Total Selections: 3573
Total Moves: 3573
Black (O) Wins: 137
Red (X) Wins: 63

Vertical Wins: 79
Horizontal Wins: 73
Diagonal Wins: 48

Total Selections: 3187
Total Moves: 3187
Black (O) Wins: 125
Red (X) Wins: 75

Vertical Wins: 65
Horizontal Wins: 70
Diagonal Wins: 64

Total Selections: 3467
Total Moves: 3467
Black (O) Wins: 108
Red (X) Wins: 92

Vertical Wins: 86
Horizontal Wins: 69
Diagonal Wins: 45

Total Selections: 3312
Total Moves: 3312
Black (O) Wins: 141
Red (X) Wins: 59

Vertical Wins: 85
Horizontal Wins: 73
Diagonal Wins: 42

Total Selections: 3173
Total Moves: 3173
Black (O) Wins: 133
Red (X) Wins: 67

Vertical Wins: 75
Horizontal Wins: 72
Diagonal Wins: 53

Total Selections: 3015
Total Moves: 3015
Black (O) Wins: 143
Red (X) Wins: 57

Vertical Wins: 90
Horizontal Wins: 66
Diagonal Wins: 44

Total Selections: 2939
Total Moves: 2939
Black (O) Wins: 178
Red (X) Wins: 22

Vertical Wins: 97
Horizontal Wins: 79
Diagonal Wins: 24

Total Selections: 2794
Total Moves: 2794
Black (O) Wins: 168
Red (X) Wins: 32

Vertical Wins: 88
Horizontal Wins: 71
Diagonal Wins: 41

Total Selections: 3062
Total Moves: 3062
Black (O) Wins: 175
Red (X) Wins: 25

Vertical Wins: 77
Horizontal Wins: 89
Diagonal Wins: 34

Total Selections: 3159
Total Moves: 3159
Black (O) Wins: 162
Red (X) Wins: 38

Vertical Wins: 74
Horizontal Wins: 82
Diagonal Wins: 44

Total Selections: 2950
Total Moves: 2950
Black (O) Wins: 158
Red (X) Wins: 42

Vertical Wins: 84
Horizontal Wins: 83
Diagonal Wins: 33

Total Selections: 2946
Total Moves: 2946
Black (O) Wins: 175
Red (X) Wins: 25

Vertical Wins: 86
Horizontal Wins: 85
Diagonal Wins: 28

Total Selections: 2871
Total Moves: 2871
Black (O) Wins: 176
Red (X) Wins: 24

Vertical Wins: 100
Horizontal Wins: 72
Diagonal Wins: 28

Total Selections: 2682
Total Moves: 2682
Black (O) Wins: 170
Red (X) Wins: 30

Vertical Wins: 82
Horizontal Wins: 92
Diagonal Wins: 26

Total Selections: 2966
Total Moves: 2966
Black (O) Wins: 173
Red (X) Wins: 27

Vertical Wins: 68
Horizontal Wins: 89
Diagonal Wins: 42

Total Selections: 3033
Total Moves: 3033
Black (O) Wins: 148
Red (X) Wins: 52

Vertical Wins: 55
Horizontal Wins: 105
Diagonal Wins: 39

Total Selections: 3076
Total Moves: 3076
Black (O) Wins: 112
Red (X) Wins: 88

Vertical Wins: 78
Horizontal Wins: 61
Diagonal Wins: 61

Total Selections: 3588
Total Moves: 3588
Black (O) Wins: 158
Red (X) Wins: 42

Vertical Wins: 79
Horizontal Wins: 76
Diagonal Wins: 45

Total Selections: 3076
Total Moves: 3076
Black (O) Wins: 128
Red (X) Wins: 72

Vertical Wins: 86
Horizontal Wins: 60
Diagonal Wins: 53

Total Selections: 3390
Total Moves: 3390
Black (O) Wins: 123
Red (X) Wins: 77

Vertical Wins: 77
Horizontal Wins: 68
Diagonal Wins: 54

Total Selections: 3193
Total Moves: 3193
Black (O) Wins: 118
Red (X) Wins: 82

Vertical Wins: 74
Horizontal Wins: 67
Diagonal Wins: 59

Total Selections: 2964
Total Moves: 2964
Black (O) Wins: 67
Red (X) Wins: 133

Vertical Wins: 100
Horizontal Wins: 57
Diagonal Wins: 43

Total Selections: 3101
Total Moves: 3101
Black (O) Wins: 94
Red (X) Wins: 106

Vertical Wins: 105
Horizontal Wins: 54
Diagonal Wins: 41

Total Selections: 3220
Total Moves: 3220
Black (O) Wins: 91
Red (X) Wins: 109

Vertical Wins: 81
Horizontal Wins: 66
Diagonal Wins: 52

Total Selections: 3173
Total Moves: 3173
Black (O) Wins: 122
Red (X) Wins: 78

Vertical Wins: 90
Horizontal Wins: 57
Diagonal Wins: 53

Total Selections: 3152
Total Moves: 3152
Black (O) Wins: 157
Red (X) Wins: 43

Vertical Wins: 77
Horizontal Wins: 91
Diagonal Wins: 32

Total Selections: 2711
Total Moves: 2711
Black (O) Wins: 159
Red (X) Wins: 41

Vertical Wins: 61
Horizontal Wins: 97
Diagonal Wins: 42

Total Selections: 2939
Total Moves: 2939
Black (O) Wins: 179
Red (X) Wins: 21

Vertical Wins: 74
Horizontal Wins: 96
Diagonal Wins: 30

Total Selections: 2863
Total Moves: 2863
Black (O) Wins: 172
Red (X) Wins: 28

Vertical Wins: 85
Horizontal Wins: 85
Diagonal Wins: 30

Total Selections: 2912
Total Moves: 2912
Black (O) Wins: 136
Red (X) Wins: 64

Vertical Wins: 95
Horizontal Wins: 64
Diagonal Wins: 41

Total Selections: 3152
Total Moves: 3152
Black (O) Wins: 102
Red (X) Wins: 98

Vertical Wins: 90
Horizontal Wins: 57
Diagonal Wins: 53

Total Selections: 3252
Total Moves: 3252
Black (O) Wins: 137
Red (X) Wins: 63

Vertical Wins: 66
Horizontal Wins: 83
Diagonal Wins: 51

Total Selections: 3165
Total Moves: 3165
Black (O) Wins: 158
Red (X) Wins: 42

Vertical Wins: 81
Horizontal Wins: 76
Diagonal Wins: 43

Total Selections: 3288
Total Moves: 3288
Black (O) Wins: 125
Red (X) Wins: 75

Vertical Wins: 77
Horizontal Wins: 70
Diagonal Wins: 53

Total Selections: 3035
Total Moves: 3035
Black (O) Wins: 123
Red (X) Wins: 77

Vertical Wins: 99
Horizontal Wins: 59
Diagonal Wins: 42

Total Selections: 3165
Total Moves: 3165
Black (O) Wins: 174
Red (X) Wins: 26

Vertical Wins: 85
Horizontal Wins: 83
Diagonal Wins: 32

Total Selections: 2962
Total Moves: 2962
Black (O) Wins: 184
Red (X) Wins: 16

Vertical Wins: 77
Horizontal Wins: 87
Diagonal Wins: 36

Total Selections: 2966
Total Moves: 2966
Black (O) Wins: 192
Red (X) Wins: 8

Vertical Wins: 85
Horizontal Wins: 97
Diagonal Wins: 18

Total Selections: 2586
Total Moves: 2586
Black (O) Wins: 197
Red (X) Wins: 3

Vertical Wins: 66
Horizontal Wins: 109
Diagonal Wins: 25

Total Selections: 2351
Total Moves: 2351
Black (O) Wins: 196
Red (X) Wins: 4

Vertical Wins: 77
Horizontal Wins: 96
Diagonal Wins: 27

Total Selections: 2228
Total Moves: 2228
Black (O) Wins: 193
Red (X) Wins: 7

Vertical Wins: 62
Horizontal Wins: 111
Diagonal Wins: 27

Total Selections: 2395
Total Moves: 2395
Black (O) Wins: 193
Red (X) Wins: 7

Vertical Wins: 69
Horizontal Wins: 109
Diagonal Wins: 22

Total Selections: 2273
Total Moves: 2273
Black (O) Wins: 179
Red (X) Wins: 21

Vertical Wins: 72
Horizontal Wins: 98
Diagonal Wins: 29

Total Selections: 2673
Total Moves: 2673
Black (O) Wins: 190
Red (X) Wins: 10

Vertical Wins: 69
Horizontal Wins: 100
Diagonal Wins: 31

Total Selections: 2568
Total Moves: 2568
Black (O) Wins: 191
Red (X) Wins: 9

Vertical Wins: 79
Horizontal Wins: 83
Diagonal Wins: 38

Total Selections: 2675
Total Moves: 2675
Black (O) Wins: 177
Red (X) Wins: 23

Vertical Wins: 64
Horizontal Wins: 99
Diagonal Wins: 37

Total Selections: 2807
Total Moves: 2807
Black (O) Wins: 195
Red (X) Wins: 5

Vertical Wins: 65
Horizontal Wins: 110
Diagonal Wins: 25

Total Selections: 2365
Total Moves: 2365
Black (O) Wins: 187
Red (X) Wins: 13

Vertical Wins: 74
Horizontal Wins: 98
Diagonal Wins: 28

Total Selections: 2449
Total Moves: 2449
Black (O) Wins: 190
Red (X) Wins: 10

Vertical Wins: 77
Horizontal Wins: 91
Diagonal Wins: 32

Total Selections: 2590
Total Moves: 2590
Black (O) Wins: 188
Red (X) Wins: 12

Vertical Wins: 74
Horizontal Wins: 100
Diagonal Wins: 26

Total Selections: 2502
Total Moves: 2502
Black (O) Wins: 180
Red (X) Wins: 20

Vertical Wins: 67
Horizontal Wins: 91
Diagonal Wins: 42

Total Selections: 2694
Total Moves: 2694
Black (O) Wins: 194
Red (X) Wins: 6

Vertical Wins: 80
Horizontal Wins: 91
Diagonal Wins: 29

Total Selections: 2392
Total Moves: 2392
Black (O) Wins: 191
Red (X) Wins: 9

Vertical Wins: 69
Horizontal Wins: 111
Diagonal Wins: 20

Total Selections: 2541
Total Moves: 2541
Black (O) Wins: 183
Red (X) Wins: 17

Vertical Wins: 73
Horizontal Wins: 96
Diagonal Wins: 31

Total Selections: 2479
Total Moves: 2479
Black (O) Wins: 188
Red (X) Wins: 12

Vertical Wins: 73
Horizontal Wins: 84
Diagonal Wins: 43

Total Selections: 2612
Total Moves: 2612
Black (O) Wins: 183
Red (X) Wins: 17

Vertical Wins: 69
Horizontal Wins: 102
Diagonal Wins: 29

Total Selections: 2389
Total Moves: 2389
Black (O) Wins: 193
Red (X) Wins: 7

Vertical Wins: 70
Horizontal Wins: 94
Diagonal Wins: 36

Total Selections: 2521
Total Moves: 2521
Black (O) Wins: 186
Red (X) Wins: 14

Vertical Wins: 58
Horizontal Wins: 110
Diagonal Wins: 31

Total Selections: 2484
Total Moves: 2484
Black (O) Wins: 193
Red (X) Wins: 7

Vertical Wins: 75
Horizontal Wins: 97
Diagonal Wins: 27

Total Selections: 2683
Total Moves: 2683
Black (O) Wins: 190
Red (X) Wins: 10

Vertical Wins: 58
Horizontal Wins: 110
Diagonal Wins: 32

Total Selections: 2654
Total Moves: 2654
Black (O) Wins: 188
Red (X) Wins: 12

Vertical Wins: 54
Horizontal Wins: 108
Diagonal Wins: 37

Total Selections: 2772
Total Moves: 2772
Black (O) Wins: 186
Red (X) Wins: 14

Vertical Wins: 50
Horizontal Wins: 103
Diagonal Wins: 44

Total Selections: 2992
Total Moves: 2992
Black (O) Wins: 186
Red (X) Wins: 14

Vertical Wins: 72
Horizontal Wins: 92
Diagonal Wins: 35

Total Selections: 2876
Total Moves: 2876
Black (O) Wins: 193
Red (X) Wins: 7

Vertical Wins: 76
Horizontal Wins: 90
Diagonal Wins: 34

Total Selections: 2613
Total Moves: 2613
Black (O) Wins: 193
Red (X) Wins: 7

Vertical Wins: 81
Horizontal Wins: 90
Diagonal Wins: 29

Total Selections: 2379
Total Moves: 2379
Black (O) Wins: 191
Red (X) Wins: 9

Vertical Wins: 55
Horizontal Wins: 102
Diagonal Wins: 43

Total Selections: 2791
Total Moves: 2791
Black (O) Wins: 191
Red (X) Wins: 9

Vertical Wins: 71
Horizontal Wins: 91
Diagonal Wins: 37

Total Selections: 2943
Total Moves: 2943
Black (O) Wins: 187
Red (X) Wins: 13

Vertical Wins: 64
Horizontal Wins: 107
Diagonal Wins: 29

Total Selections: 2761
Total Moves: 2761
Black (O) Wins: 192
Red (X) Wins: 8

Vertical Wins: 72
Horizontal Wins: 89
Diagonal Wins: 38

Total Selections: 2868
Total Moves: 2868
Black (O) Wins: 192
Red (X) Wins: 8

Vertical Wins: 66
Horizontal Wins: 96
Diagonal Wins: 38

Total Selections: 2502
Total Moves: 2502
Black (O) Wins: 196
Red (X) Wins: 4

Vertical Wins: 55
Horizontal Wins: 112
Diagonal Wins: 32

Total Selections: 2442
Total Moves: 2442
Black (O) Wins: 189
Red (X) Wins: 11

Vertical Wins: 58
Horizontal Wins: 99
Diagonal Wins: 43

Total Selections: 2761
Total Moves: 2761
Black (O) Wins: 186
Red (X) Wins: 14

Vertical Wins: 61
Horizontal Wins: 103
Diagonal Wins: 35

Total Selections: 2638
Total Moves: 2638
Black (O) Wins: 189
Red (X) Wins: 11

Vertical Wins: 84
Horizontal Wins: 87
Diagonal Wins: 29

Total Selections: 2603
Total Moves: 2603
Black (O) Wins: 194
Red (X) Wins: 6

Vertical Wins: 87
Horizontal Wins: 83
Diagonal Wins: 29

Total Selections: 2554
Total Moves: 2554
Black (O) Wins: 191
Red (X) Wins: 9

Vertical Wins: 80
Horizontal Wins: 85
Diagonal Wins: 35

Total Selections: 2693
Total Moves: 2693
Black (O) Wins: 196
Red (X) Wins: 4

Vertical Wins: 68
Horizontal Wins: 95
Diagonal Wins: 37

Total Selections: 2816
Total Moves: 2816
Black (O) Wins: 199
Red (X) Wins: 1

Vertical Wins: 79
Horizontal Wins: 85
Diagonal Wins: 36

Total Selections: 2407
Total Moves: 2407
Black (O) Wins: 197
Red (X) Wins: 3

Vertical Wins: 71
Horizontal Wins: 95
Diagonal Wins: 34

Total Selections: 2525
Total Moves: 2525
Black (O) Wins: 198
Red (X) Wins: 2

Vertical Wins: 81
Horizontal Wins: 84
Diagonal Wins: 35

Total Selections: 2488
Total Moves: 2488
Black (O) Wins: 193
Red (X) Wins: 7

Vertical Wins: 77
Horizontal Wins: 86
Diagonal Wins: 37

Total Selections: 2413
Total Moves: 2413
Black (O) Wins: 185
Red (X) Wins: 15

Vertical Wins: 78
Horizontal Wins: 89
Diagonal Wins: 33

Total Selections: 2513
Total Moves: 2513
Black (O) Wins: 188
Red (X) Wins: 12

Vertical Wins: 95
Horizontal Wins: 75
Diagonal Wins: 30

Total Selections: 2686
Total Moves: 2686
Black (O) Wins: 185
Red (X) Wins: 15

Vertical Wins: 113
Horizontal Wins: 66
Diagonal Wins: 21

Total Selections: 2655
Total Moves: 2655
Black (O) Wins: 185
Red (X) Wins: 15

Vertical Wins: 88
Horizontal Wins: 75
Diagonal Wins: 37

Total Selections: 2597
Total Moves: 2597
Black (O) Wins: 191
Red (X) Wins: 9

Vertical Wins: 71
Horizontal Wins: 96
Diagonal Wins: 33

Total Selections: 2429
Total Moves: 2429
Black (O) Wins: 192
Red (X) Wins: 8

Vertical Wins: 75
Horizontal Wins: 82
Diagonal Wins: 43

Total Selections: 2740
Total Moves: 2740
Black (O) Wins: 183
Red (X) Wins: 17

Vertical Wins: 73
Horizontal Wins: 89
Diagonal Wins: 38

Total Selections: 2697
Total Moves: 2697
Black (O) Wins: 193
Red (X) Wins: 7

Vertical Wins: 107
Horizontal Wins: 64
Diagonal Wins: 29

Total Selections: 2635
Total Moves: 2635
Black (O) Wins: 193
Red (X) Wins: 7

Vertical Wins: 83
Horizontal Wins: 75
Diagonal Wins: 42

Total Selections: 2627
Total Moves: 2627
Black (O) Wins: 196
Red (X) Wins: 4

Vertical Wins: 68
Horizontal Wins: 81
Diagonal Wins: 51

Total Selections: 2942
Total Moves: 2942
Black (O) Wins: 194
Red (X) Wins: 6

Vertical Wins: 89
Horizontal Wins: 72
Diagonal Wins: 39

Total Selections: 2832
Total Moves: 2832
Black (O) Wins: 198
Red (X) Wins: 2

Vertical Wins: 81
Horizontal Wins: 90
Diagonal Wins: 29

Total Selections: 2450
Total Moves: 2450
Black (O) Wins: 188
Red (X) Wins: 12

Vertical Wins: 72
Horizontal Wins: 102
Diagonal Wins: 26

Total Selections: 2770
Total Moves: 2770
Black (O) Wins: 190
Red (X) Wins: 10

Vertical Wins: 87
Horizontal Wins: 87
Diagonal Wins: 26

Total Selections: 2710
Total Moves: 2710
Black (O) Wins: 196
Red (X) Wins: 4

Vertical Wins: 96
Horizontal Wins: 81
Diagonal Wins: 23

Total Selections: 2518
Total Moves: 2518
Black (O) Wins: 194
Red (X) Wins: 6

Vertical Wins: 81
Horizontal Wins: 90
Diagonal Wins: 29

Total Selections: 2654
Total Moves: 2654
Black (O) Wins: 197
Red (X) Wins: 3

Vertical Wins: 90
Horizontal Wins: 75
Diagonal Wins: 35

Total Selections: 2367
Total Moves: 2367
Black (O) Wins: 191
Red (X) Wins: 9

Vertical Wins: 82
Horizontal Wins: 73
Diagonal Wins: 44

Total Selections: 2943
Total Moves: 2943
Black (O) Wins: 185
Red (X) Wins: 15

Vertical Wins: 77
Horizontal Wins: 84
Diagonal Wins: 39

Total Selections: 2629
Total Moves: 2629
Black (O) Wins: 183
Red (X) Wins: 17

Vertical Wins: 86
Horizontal Wins: 78
Diagonal Wins: 36

Total Selections: 2807
Total Moves: 2807
Black (O) Wins: 196
Red (X) Wins: 4

Vertical Wins: 84
Horizontal Wins: 81
Diagonal Wins: 35

Total Selections: 2684
Total Moves: 2684
Black (O) Wins: 196
Red (X) Wins: 4

Vertical Wins: 84
Horizontal Wins: 83
Diagonal Wins: 33

Total Selections: 2614
Total Moves: 2614
Black (O) Wins: 196
Red (X) Wins: 4

Vertical Wins: 84
Horizontal Wins: 91
Diagonal Wins: 25

Total Selections: 2562
Total Moves: 2562
Black (O) Wins: 194
Red (X) Wins: 6

Vertical Wins: 92
Horizontal Wins: 73
Diagonal Wins: 35

Total Selections: 2628
Total Moves: 2628
Black (O) Wins: 195
Red (X) Wins: 5

Vertical Wins: 87
Horizontal Wins: 78
Diagonal Wins: 35

Total Selections: 2663
Total Moves: 2663
Black (O) Wins: 194
Red (X) Wins: 6

Vertical Wins: 97
Horizontal Wins: 76
Diagonal Wins: 27

Total Selections: 2606
Total Moves: 2606
Black (O) Wins: 196
Red (X) Wins: 4

Vertical Wins: 91
Horizontal Wins: 75
Diagonal Wins: 34

Total Selections: 2532
Total Moves: 2532
Black (O) Wins: 196
Red (X) Wins: 4

Vertical Wins: 80
Horizontal Wins: 84
Diagonal Wins: 36

Total Selections: 2567
Total Moves: 2566
Black (O) Wins: 192
Red (X) Wins: 8

Vertical Wins: 93
Horizontal Wins: 83
Diagonal Wins: 24

Total Selections: 2548
Total Moves: 2548
Black (O) Wins: 192
Red (X) Wins: 8

Vertical Wins: 85
Horizontal Wins: 80
Diagonal Wins: 35

Total Selections: 2650
Total Moves: 2650
Black (O) Wins: 194
Red (X) Wins: 6

Vertical Wins: 85
Horizontal Wins: 77
Diagonal Wins: 38

Total Selections: 2782
Total Moves: 2782
Black (O) Wins: 191
Red (X) Wins: 9

Vertical Wins: 80
Horizontal Wins: 90
Diagonal Wins: 30

Total Selections: 2631
Total Moves: 2631
Black (O) Wins: 190
Red (X) Wins: 10

Vertical Wins: 88
Horizontal Wins: 77
Diagonal Wins: 35

Total Selections: 2674
Total Moves: 2674
Black (O) Wins: 185
Red (X) Wins: 15

Vertical Wins: 84
Horizontal Wins: 80
Diagonal Wins: 36

Total Selections: 2871
Total Moves: 2871
Black (O) Wins: 189
Red (X) Wins: 11

Vertical Wins: 74
Horizontal Wins: 90
Diagonal Wins: 36

Total Selections: 2839
Total Moves: 2839
Black (O) Wins: 193
Red (X) Wins: 7

Vertical Wins: 93
Horizontal Wins: 79
Diagonal Wins: 27

Total Selections: 2635
Total Moves: 2635
Black (O) Wins: 185
Red (X) Wins: 15

Vertical Wins: 86
Horizontal Wins: 84
Diagonal Wins: 29

Total Selections: 2637
Total Moves: 2637
Black (O) Wins: 184
Red (X) Wins: 16

Vertical Wins: 86
Horizontal Wins: 92
Diagonal Wins: 22

Total Selections: 2444
Total Moves: 2444
Black (O) Wins: 182
Red (X) Wins: 18

Vertical Wins: 85
Horizontal Wins: 89
Diagonal Wins: 25

Total Selections: 2436
Total Moves: 2436
Black (O) Wins: 184
Red (X) Wins: 16

Vertical Wins: 94
Horizontal Wins: 83
Diagonal Wins: 23

Total Selections: 2448
Total Moves: 2448
Black (O) Wins: 164
Red (X) Wins: 36

Vertical Wins: 90
Horizontal Wins: 77
Diagonal Wins: 33

Total Selections: 2702
Total Moves: 2702
Black (O) Wins: 187
Red (X) Wins: 13

Vertical Wins: 80
Horizontal Wins: 72
Diagonal Wins: 48

Total Selections: 2803
Total Moves: 2803
Black (O) Wins: 169
Red (X) Wins: 31

Vertical Wins: 79
Horizontal Wins: 71
Diagonal Wins: 50

Total Selections: 3099
Total Moves: 3099
Black (O) Wins: 192
Red (X) Wins: 8

Vertical Wins: 85
Horizontal Wins: 79
Diagonal Wins: 36

Total Selections: 2898
Total Moves: 2898
Black (O) Wins: 184
Red (X) Wins: 16

Vertical Wins: 85
Horizontal Wins: 75
Diagonal Wins: 40

Total Selections: 2924
Total Moves: 2924
Black (O) Wins: 180
Red (X) Wins: 20

Vertical Wins: 86
Horizontal Wins: 76
Diagonal Wins: 38

Total Selections: 2770
Total Moves: 2770
Black (O) Wins: 183
Red (X) Wins: 17

Vertical Wins: 77
Horizontal Wins: 69
Diagonal Wins: 54

Total Selections: 3109
Total Moves: 3109
Black (O) Wins: 185
Red (X) Wins: 15

Vertical Wins: 71
Horizontal Wins: 77
Diagonal Wins: 51

Total Selections: 3333
Total Moves: 3333
Black (O) Wins: 181
Red (X) Wins: 19

Vertical Wins: 79
Horizontal Wins: 77
Diagonal Wins: 43

Total Selections: 2785
Total Moves: 2785
Black (O) Wins: 196
Red (X) Wins: 4

Vertical Wins: 106
Horizontal Wins: 62
Diagonal Wins: 32

Total Selections: 2720
Total Moves: 2720
Black (O) Wins: 192
Red (X) Wins: 8

Vertical Wins: 103
Horizontal Wins: 61
Diagonal Wins: 35

Total Selections: 2750
Total Moves: 2750
Black (O) Wins: 192
Red (X) Wins: 8

Vertical Wins: 99
Horizontal Wins: 53
Diagonal Wins: 48

Total Selections: 2826
Total Moves: 2826
Black (O) Wins: 197
Red (X) Wins: 3

Vertical Wins: 89
Horizontal Wins: 71
Diagonal Wins: 40

Total Selections: 2677
Total Moves: 2677
Black (O) Wins: 196
Red (X) Wins: 4

Vertical Wins: 109
Horizontal Wins: 50
Diagonal Wins: 41

Total Selections: 2764
Total Moves: 2764
Black (O) Wins: 196
Red (X) Wins: 4

Vertical Wins: 105
Horizontal Wins: 64
Diagonal Wins: 31

Total Selections: 2554
Total Moves: 2554
Black (O) Wins: 193
Red (X) Wins: 7

Vertical Wins: 95
Horizontal Wins: 69
Diagonal Wins: 36

Total Selections: 2485
Total Moves: 2485
Black (O) Wins: 197
Red (X) Wins: 3

Vertical Wins: 98
Horizontal Wins: 61
Diagonal Wins: 41

Total Selections: 2785
Total Moves: 2785
Black (O) Wins: 194
Red (X) Wins: 6

Vertical Wins: 93
Horizontal Wins: 69
Diagonal Wins: 38

Total Selections: 2590
Total Moves: 2590
Black (O) Wins: 198
Red (X) Wins: 2

Vertical Wins: 103
Horizontal Wins: 53
Diagonal Wins: 44

Total Selections: 2754
Total Moves: 2754
Black (O) Wins: 196
Red (X) Wins: 4

Vertical Wins: 108
Horizontal Wins: 63
Diagonal Wins: 29

Total Selections: 2500
Total Moves: 2500
Black (O) Wins: 194
Red (X) Wins: 6

Vertical Wins: 102
Horizontal Wins: 68
Diagonal Wins: 30

Total Selections: 2554
Total Moves: 2554
Black (O) Wins: 193
Red (X) Wins: 7

Vertical Wins: 95
Horizontal Wins: 67
Diagonal Wins: 38

Total Selections: 2833
Total Moves: 2833
Black (O) Wins: 196
Red (X) Wins: 4

Vertical Wins: 93
Horizontal Wins: 74
Diagonal Wins: 33

Total Selections: 2504
Total Moves: 2504
Black (O) Wins: 190
Red (X) Wins: 10

Vertical Wins: 102
Horizontal Wins: 66
Diagonal Wins: 31

Total Selections: 2855
Total Moves: 2854
Black (O) Wins: 197
Red (X) Wins: 3

Vertical Wins: 96
Horizontal Wins: 73
Diagonal Wins: 31

Total Selections: 2669
Total Moves: 2669
Black (O) Wins: 194
Red (X) Wins: 6

Vertical Wins: 103
Horizontal Wins: 61
Diagonal Wins: 36

Total Selections: 2752
Total Moves: 2752
Black (O) Wins: 196
Red (X) Wins: 4

Vertical Wins: 101
Horizontal Wins: 78
Diagonal Wins: 21

Total Selections: 2412
Total Moves: 2412
Black (O) Wins: 190
Red (X) Wins: 10

Vertical Wins: 95
Horizontal Wins: 68
Diagonal Wins: 37

Total Selections: 2896
Total Moves: 2896
Black (O) Wins: 198
Red (X) Wins: 2

Vertical Wins: 93
Horizontal Wins: 68
Diagonal Wins: 39

Total Selections: 2596
Total Moves: 2596
Black (O) Wins: 197
Red (X) Wins: 3

Vertical Wins: 99
Horizontal Wins: 69
Diagonal Wins: 31

Total Selections: 2413
Total Moves: 2413
Black (O) Wins: 198
Red (X) Wins: 2

Vertical Wins: 81
Horizontal Wins: 85
Diagonal Wins: 33

Total Selections: 2496
Total Moves: 2496
Black (O) Wins: 193
Red (X) Wins: 7

Vertical Wins: 85
Horizontal Wins: 92
Diagonal Wins: 23

Total Selections: 2405
Total Moves: 2405
Black (O) Wins: 197
Red (X) Wins: 3

Vertical Wins: 96
Horizontal Wins: 70
Diagonal Wins: 34

Total Selections: 2523
Total Moves: 2523
Black (O) Wins: 189
Red (X) Wins: 11

Vertical Wins: 85
Horizontal Wins: 86
Diagonal Wins: 29

Total Selections: 2581
Total Moves: 2581
Black (O) Wins: 181
Red (X) Wins: 19

Vertical Wins: 86
Horizontal Wins: 78
Diagonal Wins: 36

Total Selections: 2963
Total Moves: 2963
Black (O) Wins: 169
Red (X) Wins: 31

Vertical Wins: 88
Horizontal Wins: 65
Diagonal Wins: 46

Total Selections: 3197
Total Moves: 3197
Black (O) Wins: 194
Red (X) Wins: 6

Vertical Wins: 85
Horizontal Wins: 88
Diagonal Wins: 27

Total Selections: 2676
Total Moves: 2676
Black (O) Wins: 187
Red (X) Wins: 13

Vertical Wins: 86
Horizontal Wins: 64
Diagonal Wins: 50

Total Selections: 3033
Total Moves: 3033
Black (O) Wins: 192
Red (X) Wins: 8

Vertical Wins: 102
Horizontal Wins: 65
Diagonal Wins: 33

Total Selections: 2644
Total Moves: 2644
Black (O) Wins: 180
Red (X) Wins: 20

Vertical Wins: 86
Horizontal Wins: 75
Diagonal Wins: 39

Total Selections: 2926
Total Moves: 2926
Black (O) Wins: 190
Red (X) Wins: 10

Vertical Wins: 75
Horizontal Wins: 75
Diagonal Wins: 50

Total Selections: 3024
Total Moves: 3024
Black (O) Wins: 195
Red (X) Wins: 5

Vertical Wins: 82
Horizontal Wins: 77
Diagonal Wins: 41

Total Selections: 2963
Total Moves: 2963
Black (O) Wins: 193
Red (X) Wins: 7

Vertical Wins: 93
Horizontal Wins: 67
Diagonal Wins: 40

Total Selections: 2969
Total Moves: 2969
Black (O) Wins: 195
Red (X) Wins: 5

Vertical Wins: 90
Horizontal Wins: 79
Diagonal Wins: 31

Total Selections: 2597
Total Moves: 2597
Black (O) Wins: 194
Red (X) Wins: 6

Vertical Wins: 93
Horizontal Wins: 68
Diagonal Wins: 39

Total Selections: 2636
Total Moves: 2636
Black (O) Wins: 194
Red (X) Wins: 6

Vertical Wins: 85
Horizontal Wins: 72
Diagonal Wins: 43

Total Selections: 2972
Total Moves: 2972
Black (O) Wins: 199
Red (X) Wins: 1

Vertical Wins: 97
Horizontal Wins: 69
Diagonal Wins: 34

Total Selections: 2653
Total Moves: 2653
Black (O) Wins: 193
Red (X) Wins: 7

Vertical Wins: 98
Horizontal Wins: 63
Diagonal Wins: 39

Total Selections: 2637
Total Moves: 2637
Black (O) Wins: 190
Red (X) Wins: 10

Vertical Wins: 92
Horizontal Wins: 67
Diagonal Wins: 41

Total Selections: 2754
Total Moves: 2754
Black (O) Wins: 195
Red (X) Wins: 5

Vertical Wins: 95
Horizontal Wins: 69
Diagonal Wins: 36

Total Selections: 2633
Total Moves: 2633
Black (O) Wins: 187
Red (X) Wins: 13

Vertical Wins: 97
Horizontal Wins: 59
Diagonal Wins: 44

Total Selections: 2875
Total Moves: 2875
Black (O) Wins: 198
Red (X) Wins: 2

Vertical Wins: 103
Horizontal Wins: 64
Diagonal Wins: 33

Total Selections: 2652
Total Moves: 2652
Black (O) Wins: 191
Red (X) Wins: 9

Vertical Wins: 92
Horizontal Wins: 74
Diagonal Wins: 34

Total Selections: 2535
Total Moves: 2535
Black (O) Wins: 191
Red (X) Wins: 9

Vertical Wins: 79
Horizontal Wins: 92
Diagonal Wins: 29

Total Selections: 2673
Total Moves: 2673
Black (O) Wins: 194
Red (X) Wins: 6

Vertical Wins: 93
Horizontal Wins: 76
Diagonal Wins: 31

Total Selections: 2468
Total Moves: 2468
Black (O) Wins: 198
Red (X) Wins: 2

Vertical Wins: 97
Horizontal Wins: 71
Diagonal Wins: 32

Total Selections: 2386
Total Moves: 2386
Black (O) Wins: 196
Red (X) Wins: 4

Vertical Wins: 94
Horizontal Wins: 80
Diagonal Wins: 26

Total Selections: 2428
Total Moves: 2428
Black (O) Wins: 196
Red (X) Wins: 4

Vertical Wins: 99
Horizontal Wins: 70
Diagonal Wins: 31

Total Selections: 2604
Total Moves: 2604
Black (O) Wins: 191
Red (X) Wins: 9

Vertical Wins: 89
Horizontal Wins: 70
Diagonal Wins: 41

Total Selections: 2601
Total Moves: 2601
Black (O) Wins: 195
Red (X) Wins: 5

Vertical Wins: 96
Horizontal Wins: 64
Diagonal Wins: 40

Total Selections: 2857
Total Moves: 2857
Black (O) Wins: 198
Red (X) Wins: 2

Vertical Wins: 98
Horizontal Wins: 66
Diagonal Wins: 36

Total Selections: 2682
Total Moves: 2682
Black (O) Wins: 192
Red (X) Wins: 8

Vertical Wins: 90
Horizontal Wins: 84
Diagonal Wins: 26

Total Selections: 2603
Total Moves: 2602
Black (O) Wins: 185
Red (X) Wins: 15

Vertical Wins: 99
Horizontal Wins: 68
Diagonal Wins: 33

Total Selections: 2841
Total Moves: 2841
Black (O) Wins: 195
Red (X) Wins: 5

Vertical Wins: 96
Horizontal Wins: 77
Diagonal Wins: 27

Total Selections: 2529
Total Moves: 2529
Black (O) Wins: 197
Red (X) Wins: 3

Vertical Wins: 95
Horizontal Wins: 74
Diagonal Wins: 31

Total Selections: 2623
Total Moves: 2623
Black (O) Wins: 197
Red (X) Wins: 3

Vertical Wins: 115
Horizontal Wins: 49
Diagonal Wins: 36

Total Selections: 2531
Total Moves: 2531
Black (O) Wins: 193
Red (X) Wins: 7

Vertical Wins: 93
Horizontal Wins: 78
Diagonal Wins: 29

Total Selections: 2583
Total Moves: 2583
Black (O) Wins: 196
Red (X) Wins: 4

Vertical Wins: 85
Horizontal Wins: 86
Diagonal Wins: 29

Total Selections: 2664
Total Moves: 2664
Black (O) Wins: 196
Red (X) Wins: 4

Vertical Wins: 89
Horizontal Wins: 72
Diagonal Wins: 39

Total Selections: 2768
Total Moves: 2768
Black (O) Wins: 196
Red (X) Wins: 4

Vertical Wins: 95
Horizontal Wins: 76
Diagonal Wins: 28

Total Selections: 2588
Total Moves: 2588
Black (O) Wins: 196
Red (X) Wins: 4

Vertical Wins: 93
Horizontal Wins: 82
Diagonal Wins: 25

Total Selections: 2354
Total Moves: 2354
Black (O) Wins: 194
Red (X) Wins: 6

Vertical Wins: 90
Horizontal Wins: 76
Diagonal Wins: 34

Total Selections: 2664
Total Moves: 2664
Black (O) Wins: 187
Red (X) Wins: 13

Vertical Wins: 100
Horizontal Wins: 67
Diagonal Wins: 33

Total Selections: 2675
Total Moves: 2675
Black (O) Wins: 195
Red (X) Wins: 5

Vertical Wins: 111
Horizontal Wins: 58
Diagonal Wins: 31

Total Selections: 2431
Total Moves: 2431
Black (O) Wins: 192
Red (X) Wins: 8

Vertical Wins: 109
Horizontal Wins: 48
Diagonal Wins: 43

Total Selections: 2720
Total Moves: 2720
Black (O) Wins: 197
Red (X) Wins: 3

Vertical Wins: 120
Horizontal Wins: 51
Diagonal Wins: 29

Total Selections: 2605
Total Moves: 2605
Black (O) Wins: 192
Red (X) Wins: 8

Vertical Wins: 81
Horizontal Wins: 73
Diagonal Wins: 46

Total Selections: 2672
Total Moves: 2672
Black (O) Wins: 178
Red (X) Wins: 22

Vertical Wins: 57
Horizontal Wins: 80
Diagonal Wins: 63

Total Selections: 3648
Total Moves: 3648
Black (O) Wins: 193
Red (X) Wins: 7

Vertical Wins: 92
Horizontal Wins: 68
Diagonal Wins: 40

Total Selections: 2791
Total Moves: 2791
Black (O) Wins: 195
Red (X) Wins: 5

Vertical Wins: 107
Horizontal Wins: 62
Diagonal Wins: 31

Total Selections: 2711
Total Moves: 2711
Black (O) Wins: 191
Red (X) Wins: 9

Vertical Wins: 91
Horizontal Wins: 63
Diagonal Wins: 46

Total Selections: 2789
Total Moves: 2789
Black (O) Wins: 192
Red (X) Wins: 8

Vertical Wins: 95
Horizontal Wins: 68
Diagonal Wins: 37

Total Selections: 2820
Total Moves: 2820
Black (O) Wins: 196
Red (X) Wins: 4

Vertical Wins: 109
Horizontal Wins: 59
Diagonal Wins: 32

Total Selections: 2698
Total Moves: 2698
Black (O) Wins: 196
Red (X) Wins: 4

Vertical Wins: 117
Horizontal Wins: 54
Diagonal Wins: 28

Total Selections: 2580
Total Moves: 2580
Black (O) Wins: 189
Red (X) Wins: 11

Vertical Wins: 102
Horizontal Wins: 63
Diagonal Wins: 35

Total Selections: 2777
Total Moves: 2777
Black (O) Wins: 198
Red (X) Wins: 2

Vertical Wins: 104
Horizontal Wins: 67
Diagonal Wins: 29

Total Selections: 2440
Total Moves: 2440
Black (O) Wins: 197
Red (X) Wins: 3

Vertical Wins: 99
Horizontal Wins: 69
Diagonal Wins: 32

Total Selections: 2497
Total Moves: 2497
Black (O) Wins: 198
Red (X) Wins: 2

Vertical Wins: 101
Horizontal Wins: 71
Diagonal Wins: 28

Total Selections: 2450
Total Moves: 2450
Black (O) Wins: 190
Red (X) Wins: 10

Vertical Wins: 87
Horizontal Wins: 81
Diagonal Wins: 32

Total Selections: 2598
Total Moves: 2598
Black (O) Wins: 181
Red (X) Wins: 19

Vertical Wins: 78
Horizontal Wins: 87
Diagonal Wins: 34

Total Selections: 2667
Total Moves: 2667
Black (O) Wins: 189
Red (X) Wins: 11

Vertical Wins: 88
Horizontal Wins: 73
Diagonal Wins: 39

Total Selections: 2719
Total Moves: 2719
Black (O) Wins: 186
Red (X) Wins: 14

Vertical Wins: 79
Horizontal Wins: 78
Diagonal Wins: 42

Total Selections: 2660
Total Moves: 2660
Black (O) Wins: 187
Red (X) Wins: 13

Vertical Wins: 103
Horizontal Wins: 61
Diagonal Wins: 36

Total Selections: 2873
Total Moves: 2873
Black (O) Wins: 188
Red (X) Wins: 12

Vertical Wins: 110
Horizontal Wins: 54
Diagonal Wins: 36

Total Selections: 2706
Total Moves: 2706
Black (O) Wins: 193
Red (X) Wins: 7

Vertical Wins: 93
Horizontal Wins: 80
Diagonal Wins: 27

Total Selections: 2405
Total Moves: 2405
Black (O) Wins: 191
Red (X) Wins: 9

Vertical Wins: 87
Horizontal Wins: 69
Diagonal Wins: 43

Total Selections: 2869
Total Moves: 2869
Black (O) Wins: 192
Red (X) Wins: 8

Vertical Wins: 104
Horizontal Wins: 62
Diagonal Wins: 34

Total Selections: 2672
Total Moves: 2672
Black (O) Wins: 195
Red (X) Wins: 5

Vertical Wins: 100
Horizontal Wins: 66
Diagonal Wins: 34

Total Selections: 2589
Total Moves: 2589
Black (O) Wins: 197
Red (X) Wins: 3

Vertical Wins: 85
Horizontal Wins: 75
Diagonal Wins: 39

Total Selections: 2675
Total Moves: 2675
Black (O) Wins: 190
Red (X) Wins: 10

Vertical Wins: 89
Horizontal Wins: 54
Diagonal Wins: 56

Total Selections: 2832
Total Moves: 2832
Black (O) Wins: 184
Red (X) Wins: 16

Vertical Wins: 87
Horizontal Wins: 67
Diagonal Wins: 46

Total Selections: 2992
Total Moves: 2992
Black (O) Wins: 199
Red (X) Wins: 1

Vertical Wins: 107
Horizontal Wins: 60
Diagonal Wins: 33

Total Selections: 2675
Total Moves: 2675
Black (O) Wins: 181
Red (X) Wins: 19

Vertical Wins: 93
Horizontal Wins: 63
Diagonal Wins: 44

Total Selections: 2977
Total Moves: 2977
Black (O) Wins: 194
Red (X) Wins: 6

Vertical Wins: 98
Horizontal Wins: 64
Diagonal Wins: 38

Total Selections: 2808
Total Moves: 2808
Black (O) Wins: 195
Red (X) Wins: 5

Vertical Wins: 91
Horizontal Wins: 74
Diagonal Wins: 35

Total Selections: 2571
Total Moves: 2571
Black (O) Wins: 194
Red (X) Wins: 6

Vertical Wins: 93
Horizontal Wins: 76
Diagonal Wins: 31

Total Selections: 2696
Total Moves: 2696
Black (O) Wins: 197
Red (X) Wins: 3

Vertical Wins: 103
Horizontal Wins: 63
Diagonal Wins: 34

Total Selections: 2503
Total Moves: 2503
Black (O) Wins: 194
Red (X) Wins: 6

Vertical Wins: 89
Horizontal Wins: 81
Diagonal Wins: 30

Total Selections: 2648
Total Moves: 2648
Black (O) Wins: 193
Red (X) Wins: 7

Vertical Wins: 92
Horizontal Wins: 73
Diagonal Wins: 35

Total Selections: 2531
Total Moves: 2531
Black (O) Wins: 191
Red (X) Wins: 9

Vertical Wins: 97
Horizontal Wins: 68
Diagonal Wins: 35

Total Selections: 2761
Total Moves: 2761
Black (O) Wins: 195
Red (X) Wins: 5

Vertical Wins: 98
Horizontal Wins: 81
Diagonal Wins: 21

Total Selections: 2577
Total Moves: 2577
Black (O) Wins: 181
Red (X) Wins: 19

Vertical Wins: 98
Horizontal Wins: 68
Diagonal Wins: 34

Total Selections: 2763
Total Moves: 2763
Black (O) Wins: 191
Red (X) Wins: 9

Vertical Wins: 96
Horizontal Wins: 71
Diagonal Wins: 33

Total Selections: 2519
Total Moves: 2519
Black (O) Wins: 197
Red (X) Wins: 3

Vertical Wins: 96
Horizontal Wins: 69
Diagonal Wins: 35

Total Selections: 2545
Total Moves: 2545
Black (O) Wins: 192
Red (X) Wins: 8

Vertical Wins: 88
Horizontal Wins: 73
Diagonal Wins: 38

Total Selections: 2698
Total Moves: 2698
Black (O) Wins: 192
Red (X) Wins: 8

Vertical Wins: 97
Horizontal Wins: 64
Diagonal Wins: 39

Total Selections: 2762
Total Moves: 2762
Black (O) Wins: 193
Red (X) Wins: 7

Vertical Wins: 79
Horizontal Wins: 84
Diagonal Wins: 37

Total Selections: 2691
Total Moves: 2691
Black (O) Wins: 195
Red (X) Wins: 5

Vertical Wins: 105
Horizontal Wins: 63
Diagonal Wins: 32

Total Selections: 2668
Total Moves: 2667
Black (O) Wins: 198
Red (X) Wins: 2

Vertical Wins: 85
Horizontal Wins: 89
Diagonal Wins: 26

Total Selections: 2390
Total Moves: 2390
Black (O) Wins: 194
Red (X) Wins: 6

Vertical Wins: 82
Horizontal Wins: 83
Diagonal Wins: 35

Total Selections: 2770
Total Moves: 2770
Black (O) Wins: 192
Red (X) Wins: 8

Vertical Wins: 88
Horizontal Wins: 77
Diagonal Wins: 35

Total Selections: 2732
Total Moves: 2732
Black (O) Wins: 190
Red (X) Wins: 10

Vertical Wins: 78
Horizontal Wins: 89
Diagonal Wins: 33

Total Selections: 2768
Total Moves: 2768
Black (O) Wins: 191
Red (X) Wins: 9

Vertical Wins: 90
Horizontal Wins: 71
Diagonal Wins: 37

Total Selections: 2819
Total Moves: 2819
Black (O) Wins: 194
Red (X) Wins: 6

Vertical Wins: 113
Horizontal Wins: 64
Diagonal Wins: 23

Total Selections: 2474
Total Moves: 2474
Black (O) Wins: 194
Red (X) Wins: 6

Vertical Wins: 103
Horizontal Wins: 72
Diagonal Wins: 25

Total Selections: 2524
Total Moves: 2524
Black (O) Wins: 184
Red (X) Wins: 16

Vertical Wins: 96
Horizontal Wins: 68
Diagonal Wins: 36

Total Selections: 2702
Total Moves: 2702
Black (O) Wins: 190
Red (X) Wins: 10

Vertical Wins: 91
Horizontal Wins: 89
Diagonal Wins: 19

Total Selections: 2636
Total Moves: 2636
Black (O) Wins: 190
Red (X) Wins: 10

Vertical Wins: 97
Horizontal Wins: 77
Diagonal Wins: 26

Total Selections: 2724
Total Moves: 2724
Black (O) Wins: 185
Red (X) Wins: 15

Vertical Wins: 72
Horizontal Wins: 83
Diagonal Wins: 44

Total Selections: 2781
Total Moves: 2781
Black (O) Wins: 190
Red (X) Wins: 10

Vertical Wins: 84
Horizontal Wins: 87
Diagonal Wins: 29

Total Selections: 2796
Total Moves: 2796
Black (O) Wins: 198
Red (X) Wins: 2

Vertical Wins: 105
Horizontal Wins: 73
Diagonal Wins: 22

Total Selections: 2542
Total Moves: 2542
Black (O) Wins: 196
Red (X) Wins: 4

Vertical Wins: 114
Horizontal Wins: 64
Diagonal Wins: 22

Total Selections: 2340
Total Moves: 2340
Black (O) Wins: 193
Red (X) Wins: 7

Vertical Wins: 89
Horizontal Wins: 85
Diagonal Wins: 26

Total Selections: 2593
Total Moves: 2593
Black (O) Wins: 196
Red (X) Wins: 4

Vertical Wins: 105
Horizontal Wins: 72
Diagonal Wins: 23

Total Selections: 2356
Total Moves: 2356
Black (O) Wins: 195
Red (X) Wins: 5

Vertical Wins: 110
Horizontal Wins: 65
Diagonal Wins: 25

Total Selections: 2481
Total Moves: 2481
Black (O) Wins: 189
Red (X) Wins: 11

Vertical Wins: 95
Horizontal Wins: 83
Diagonal Wins: 22

Total Selections: 2355
Total Moves: 2355
Black (O) Wins: 186
Red (X) Wins: 14

Vertical Wins: 101
Horizontal Wins: 64
Diagonal Wins: 35

Total Selections: 2586
Total Moves: 2586
Black (O) Wins: 178
Red (X) Wins: 22

Vertical Wins: 92
Horizontal Wins: 72
Diagonal Wins: 35

Total Selections: 2946
Total Moves: 2946
Black (O) Wins: 193
Red (X) Wins: 7

Vertical Wins: 93
Horizontal Wins: 79
Diagonal Wins: 28

Total Selections: 2831
Total Moves: 2831
Black (O) Wins: 187
Red (X) Wins: 13

Vertical Wins: 97
Horizontal Wins: 70
Diagonal Wins: 33

Total Selections: 2645
Total Moves: 2645
Black (O) Wins: 199
Red (X) Wins: 1

Vertical Wins: 92
Horizontal Wins: 83
Diagonal Wins: 25

Total Selections: 2497
Total Moves: 2497
Black (O) Wins: 191
Red (X) Wins: 9

Vertical Wins: 76
Horizontal Wins: 88
Diagonal Wins: 36

Total Selections: 2381
Total Moves: 2381
Black (O) Wins: 194
Red (X) Wins: 6

Vertical Wins: 85
Horizontal Wins: 86
Diagonal Wins: 29

Total Selections: 2570
Total Moves: 2570
Black (O) Wins: 194
Red (X) Wins: 6

Vertical Wins: 91
Horizontal Wins: 81
Diagonal Wins: 28

Total Selections: 2596
Total Moves: 2596
Black (O) Wins: 191
Red (X) Wins: 9

Vertical Wins: 95
Horizontal Wins: 72
Diagonal Wins: 33

Total Selections: 2731
Total Moves: 2731
Black (O) Wins: 194
Red (X) Wins: 6

Vertical Wins: 105
Horizontal Wins: 74
Diagonal Wins: 21

Total Selections: 2578
Total Moves: 2578
Black (O) Wins: 194
Red (X) Wins: 6

Vertical Wins: 111
Horizontal Wins: 61
Diagonal Wins: 28

Total Selections: 2460
Total Moves: 2460
Black (O) Wins: 181
Red (X) Wins: 19

Vertical Wins: 93
Horizontal Wins: 72
Diagonal Wins: 35

Total Selections: 2613
Total Moves: 2613
Black (O) Wins: 191
Red (X) Wins: 9

Vertical Wins: 87
Horizontal Wins: 83
Diagonal Wins: 30

Total Selections: 2805
Total Moves: 2805
Black (O) Wins: 191
Red (X) Wins: 9

Vertical Wins: 89
Horizontal Wins: 77
Diagonal Wins: 34

Total Selections: 2669
Total Moves: 2669
Black (O) Wins: 183
Red (X) Wins: 17

Vertical Wins: 89
Horizontal Wins: 78
Diagonal Wins: 33

Total Selections: 2671
Total Moves: 2671
Black (O) Wins: 192
Red (X) Wins: 8

Vertical Wins: 86
Horizontal Wins: 84
Diagonal Wins: 30

Total Selections: 2726
Total Moves: 2726
Black (O) Wins: 195
Red (X) Wins: 5

Vertical Wins: 93
Horizontal Wins: 81
Diagonal Wins: 25

Total Selections: 2495
Total Moves: 2495
Black (O) Wins: 194
Red (X) Wins: 6

Vertical Wins: 100
Horizontal Wins: 76
Diagonal Wins: 24

Total Selections: 2332
Total Moves: 2332
Black (O) Wins: 183
Red (X) Wins: 17

Vertical Wins: 91
Horizontal Wins: 76
Diagonal Wins: 33

Total Selections: 2761
Total Moves: 2761
Black (O) Wins: 192
Red (X) Wins: 8

Vertical Wins: 75
Horizontal Wins: 97
Diagonal Wins: 28

Total Selections: 2520
Total Moves: 2520
Black (O) Wins: 186
Red (X) Wins: 14

Vertical Wins: 96
Horizontal Wins: 78
Diagonal Wins: 26

Total Selections: 2644
Total Moves: 2644
Black (O) Wins: 187
Red (X) Wins: 13

Vertical Wins: 79
Horizontal Wins: 80
Diagonal Wins: 41

Total Selections: 2841
Total Moves: 2841
Black (O) Wins: 190
Red (X) Wins: 10

Vertical Wins: 84
Horizontal Wins: 86
Diagonal Wins: 30

Total Selections: 2648
Total Moves: 2648
Black (O) Wins: 195
Red (X) Wins: 5

Vertical Wins: 83
Horizontal Wins: 85
Diagonal Wins: 32

Total Selections: 2461
Total Moves: 2461
Black (O) Wins: 196
Red (X) Wins: 4

Vertical Wins: 104
Horizontal Wins: 68
Diagonal Wins: 28

Total Selections: 2664
Total Moves: 2664
Black (O) Wins: 195
Red (X) Wins: 5

Vertical Wins: 89
Horizontal Wins: 77
Diagonal Wins: 34

Total Selections: 2545
Total Moves: 2545
Black (O) Wins: 192
Red (X) Wins: 8

Vertical Wins: 103
Horizontal Wins: 71
Diagonal Wins: 26

Total Selections: 2588
Total Moves: 2588
Black (O) Wins: 191
Red (X) Wins: 9

Vertical Wins: 93
Horizontal Wins: 76
Diagonal Wins: 31

Total Selections: 2587
Total Moves: 2587
Black (O) Wins: 196
Red (X) Wins: 4

Vertical Wins: 82
Horizontal Wins: 94
Diagonal Wins: 24

Total Selections: 2356
Total Moves: 2356
Black (O) Wins: 190
Red (X) Wins: 10

Vertical Wins: 92
Horizontal Wins: 76
Diagonal Wins: 32

Total Selections: 2688
Total Moves: 2688
Black (O) Wins: 184
Red (X) Wins: 16

Vertical Wins: 103
Horizontal Wins: 64
Diagonal Wins: 32

Total Selections: 2776
Total Moves: 2776
Black (O) Wins: 184
Red (X) Wins: 16

Vertical Wins: 102
Horizontal Wins: 52
Diagonal Wins: 45

Total Selections: 2796
Total Moves: 2796
Black (O) Wins: 185
Red (X) Wins: 15

Vertical Wins: 94
Horizontal Wins: 66
Diagonal Wins: 40

Total Selections: 2821
Total Moves: 2821
Black (O) Wins: 193
Red (X) Wins: 7

Vertical Wins: 90
Horizontal Wins: 81
Diagonal Wins: 29

Total Selections: 2627
Total Moves: 2627
Black (O) Wins: 195
Red (X) Wins: 5

Vertical Wins: 98
Horizontal Wins: 77
Diagonal Wins: 25

Total Selections: 2439
Total Moves: 2439
Black (O) Wins: 197
Red (X) Wins: 3

Vertical Wins: 97
Horizontal Wins: 70
Diagonal Wins: 33

Total Selections: 2521
Total Moves: 2521
Black (O) Wins: 187
Red (X) Wins: 13

Vertical Wins: 87
Horizontal Wins: 83
Diagonal Wins: 30

Total Selections: 2465
Total Moves: 2465
Black (O) Wins: 190
Red (X) Wins: 10

Vertical Wins: 101
Horizontal Wins: 68
Diagonal Wins: 31

Total Selections: 2668
Total Moves: 2668
Black (O) Wins: 190
Red (X) Wins: 10

Vertical Wins: 88
Horizontal Wins: 86
Diagonal Wins: 26

Total Selections: 2460
Total Moves: 2460
Black (O) Wins: 193
Red (X) Wins: 7

Vertical Wins: 104
Horizontal Wins: 70
Diagonal Wins: 26

Total Selections: 2605
Total Moves: 2605
Black (O) Wins: 179
Red (X) Wins: 21

Vertical Wins: 89
Horizontal Wins: 77
Diagonal Wins: 34

Total Selections: 2725
Total Moves: 2725
Black (O) Wins: 195
Red (X) Wins: 5

Vertical Wins: 79
Horizontal Wins: 100
Diagonal Wins: 21

Total Selections: 2299
Total Moves: 2299
Black (O) Wins: 195
Red (X) Wins: 5

Vertical Wins: 97
Horizontal Wins: 80
Diagonal Wins: 23

Total Selections: 2519
Total Moves: 2519
Black (O) Wins: 183
Red (X) Wins: 17

Vertical Wins: 97
Horizontal Wins: 74
Diagonal Wins: 28

Total Selections: 2805
Total Moves: 2805
Black (O) Wins: 193
Red (X) Wins: 7

Vertical Wins: 91
Horizontal Wins: 84
Diagonal Wins: 25

Total Selections: 2434
Total Moves: 2433
Black (O) Wins: 196
Red (X) Wins: 4

Vertical Wins: 103
Horizontal Wins: 80
Diagonal Wins: 17

Total Selections: 2392
Total Moves: 2392
Black (O) Wins: 186
Red (X) Wins: 14

Vertical Wins: 95
Horizontal Wins: 73
Diagonal Wins: 32

Total Selections: 2664
Total Moves: 2664
Black (O) Wins: 190
Red (X) Wins: 10

Vertical Wins: 80
Horizontal Wins: 89
Diagonal Wins: 31

Total Selections: 2834
Total Moves: 2834
Black (O) Wins: 194
Red (X) Wins: 6

Vertical Wins: 97
Horizontal Wins: 75
Diagonal Wins: 28

Total Selections: 2788
Total Moves: 2788
Black (O) Wins: 198
Red (X) Wins: 2

Vertical Wins: 108
Horizontal Wins: 65
Diagonal Wins: 27

Total Selections: 2496
Total Moves: 2496
Black (O) Wins: 191
Red (X) Wins: 9

Vertical Wins: 92
Horizontal Wins: 70
Diagonal Wins: 38

Total Selections: 2723
Total Moves: 2723
Black (O) Wins: 191
Red (X) Wins: 9

Vertical Wins: 102
Horizontal Wins: 71
Diagonal Wins: 27

Total Selections: 2617
Total Moves: 2617
Black (O) Wins: 189
Red (X) Wins: 11

Vertical Wins: 101
Horizontal Wins: 69
Diagonal Wins: 30

Total Selections: 2629
Total Moves: 2629
Black (O) Wins: 194
Red (X) Wins: 6

Vertical Wins: 83
Horizontal Wins: 88
Diagonal Wins: 29

Total Selections: 2416
Total Moves: 2416
Black (O) Wins: 195
Red (X) Wins: 5

Vertical Wins: 104
Horizontal Wins: 67
Diagonal Wins: 29

Total Selections: 2593
Total Moves: 2593
Black (O) Wins: 198
Red (X) Wins: 2

Vertical Wins: 93
Horizontal Wins: 86
Diagonal Wins: 21

Total Selections: 2338
Total Moves: 2338
Black (O) Wins: 193
Red (X) Wins: 7

Vertical Wins: 89
Horizontal Wins: 85
Diagonal Wins: 26

Total Selections: 2749
Total Moves: 2749
Black (O) Wins: 190
Red (X) Wins: 10

Vertical Wins: 94
Horizontal Wins: 78
Diagonal Wins: 28

Total Selections: 2728
Total Moves: 2728
Black (O) Wins: 190
Red (X) Wins: 10

Vertical Wins: 100
Horizontal Wins: 73
Diagonal Wins: 27

Total Selections: 2660
Total Moves: 2660
Black (O) Wins: 196
Red (X) Wins: 4

Vertical Wins: 96
Horizontal Wins: 71
Diagonal Wins: 33

Total Selections: 2548
Total Moves: 2548
Black (O) Wins: 183
Red (X) Wins: 17

Vertical Wins: 98
Horizontal Wins: 70
Diagonal Wins: 31

Total Selections: 2979
Total Moves: 2979
Black (O) Wins: 190
Red (X) Wins: 10

Vertical Wins: 93
Horizontal Wins: 84
Diagonal Wins: 23

Total Selections: 2496
Total Moves: 2496
Black (O) Wins: 172
Red (X) Wins: 28

Vertical Wins: 89
Horizontal Wins: 77
Diagonal Wins: 34

Total Selections: 2830
Total Moves: 2830
Black (O) Wins: 189
Red (X) Wins: 11

Vertical Wins: 80
Horizontal Wins: 82
Diagonal Wins: 38

Total Selections: 2689
Total Moves: 2689
Black (O) Wins: 195
Red (X) Wins: 5

Vertical Wins: 94
Horizontal Wins: 72
Diagonal Wins: 34

Total Selections: 2831
Total Moves: 2831
Black (O) Wins: 189
Red (X) Wins: 11

Vertical Wins: 83
Horizontal Wins: 81
Diagonal Wins: 36

Total Selections: 2845
Total Moves: 2845
Black (O) Wins: 193
Red (X) Wins: 7

Vertical Wins: 85
Horizontal Wins: 92
Diagonal Wins: 23

Total Selections: 2415
Total Moves: 2415
Black (O) Wins: 194
Red (X) Wins: 6

Vertical Wins: 89
Horizontal Wins: 91
Diagonal Wins: 20

Total Selections: 2722
Total Moves: 2722
Black (O) Wins: 189
Red (X) Wins: 11

Vertical Wins: 100
Horizontal Wins: 63
Diagonal Wins: 37

Total Selections: 2771
Total Moves: 2771
Black (O) Wins: 197
Red (X) Wins: 3

Vertical Wins: 76
Horizontal Wins: 96
Diagonal Wins: 28

Total Selections: 2495
Total Moves: 2495
Black (O) Wins: 191
Red (X) Wins: 9

Vertical Wins: 104
Horizontal Wins: 70
Diagonal Wins: 26

Total Selections: 2637
Total Moves: 2637
Black (O) Wins: 195
Red (X) Wins: 5

Vertical Wins: 94
Horizontal Wins: 73
Diagonal Wins: 32

Total Selections: 2487
Total Moves: 2487
Black (O) Wins: 199
Red (X) Wins: 1

Vertical Wins: 102
Horizontal Wins: 77
Diagonal Wins: 21

Total Selections: 2483
Total Moves: 2483
Black (O) Wins: 195
Red (X) Wins: 5

Vertical Wins: 93
Horizontal Wins: 79
Diagonal Wins: 28

Total Selections: 2547
Total Moves: 2547
Black (O) Wins: 190
Red (X) Wins: 10

Vertical Wins: 94
Horizontal Wins: 84
Diagonal Wins: 22

Total Selections: 2564
Total Moves: 2564
Black (O) Wins: 195
Red (X) Wins: 5

Vertical Wins: 86
Horizontal Wins: 87
Diagonal Wins: 27

Total Selections: 2407
Total Moves: 2407
Black (O) Wins: 195
Red (X) Wins: 5

Vertical Wins: 90
Horizontal Wins: 87
Diagonal Wins: 23

Total Selections: 2491
Total Moves: 2491
Black (O) Wins: 193
Red (X) Wins: 7

Vertical Wins: 89
Horizontal Wins: 78
Diagonal Wins: 33

Total Selections: 2729
Total Moves: 2729
Black (O) Wins: 190
Red (X) Wins: 10

Vertical Wins: 88
Horizontal Wins: 83
Diagonal Wins: 29

Total Selections: 2514
Total Moves: 2514
Black (O) Wins: 192
Red (X) Wins: 8

Vertical Wins: 87
Horizontal Wins: 85
Diagonal Wins: 28

Total Selections: 2538
Total Moves: 2538
Black (O) Wins: 196
Red (X) Wins: 4

Vertical Wins: 85
Horizontal Wins: 86
Diagonal Wins: 29

Total Selections: 2538
Total Moves: 2538
Black (O) Wins: 194
Red (X) Wins: 6

Vertical Wins: 85
Horizontal Wins: 83
Diagonal Wins: 32

Total Selections: 2748
Total Moves: 2748
Black (O) Wins: 195
Red (X) Wins: 5

Vertical Wins: 102
Horizontal Wins: 69
Diagonal Wins: 29

Total Selections: 2569
Total Moves: 2569
Black (O) Wins: 192
Red (X) Wins: 8

Vertical Wins: 89
Horizontal Wins: 77
Diagonal Wins: 34

Total Selections: 2816
Total Moves: 2816
Black (O) Wins: 193
Red (X) Wins: 7

Vertical Wins: 107
Horizontal Wins: 70
Diagonal Wins: 23

Total Selections: 2487
Total Moves: 2487
Black (O) Wins: 193
Red (X) Wins: 7

Vertical Wins: 97
Horizontal Wins: 77
Diagonal Wins: 25

Total Selections: 2355
Total Moves: 2355
Black (O) Wins: 187
Red (X) Wins: 13

Vertical Wins: 87
Horizontal Wins: 77
Diagonal Wins: 36

Total Selections: 2551
Total Moves: 2551
Black (O) Wins: 189
Red (X) Wins: 11

Vertical Wins: 86
Horizontal Wins: 80
Diagonal Wins: 34

Total Selections: 2731
Total Moves: 2731
Black (O) Wins: 190
Red (X) Wins: 10

Vertical Wins: 98
Horizontal Wins: 65
Diagonal Wins: 37

Total Selections: 2594
Total Moves: 2594
Black (O) Wins: 190
Red (X) Wins: 10

Vertical Wins: 99
Horizontal Wins: 78
Diagonal Wins: 23

Total Selections: 2762
Total Moves: 2762
Black (O) Wins: 187
Red (X) Wins: 13

Vertical Wins: 77
Horizontal Wins: 78
Diagonal Wins: 45

Total Selections: 2705
Total Moves: 2705
Black (O) Wins: 195
Red (X) Wins: 5

Vertical Wins: 95
Horizontal Wins: 73
Diagonal Wins: 32

Total Selections: 2547
Total Moves: 2547
Black (O) Wins: 166
Red (X) Wins: 34

Vertical Wins: 104
Horizontal Wins: 64
Diagonal Wins: 32

Total Selections: 2564
Total Moves: 2564
Black (O) Wins: 188
Red (X) Wins: 12

Vertical Wins: 104
Horizontal Wins: 81
Diagonal Wins: 15

Total Selections: 2496
Total Moves: 2496
Black (O) Wins: 188
Red (X) Wins: 12

Vertical Wins: 95
Horizontal Wins: 77
Diagonal Wins: 28

Total Selections: 2678
Total Moves: 2678
Black (O) Wins: 183
Red (X) Wins: 17

Vertical Wins: 82
Horizontal Wins: 75
Diagonal Wins: 43

Total Selections: 3093
Total Moves: 3093
Black (O) Wins: 185
Red (X) Wins: 15

Vertical Wins: 84
Horizontal Wins: 85
Diagonal Wins: 31

Total Selections: 2761
Total Moves: 2761
Black (O) Wins: 188
Red (X) Wins: 12

Vertical Wins: 97
Horizontal Wins: 81
Diagonal Wins: 22

Total Selections: 2602
Total Moves: 2602
Black (O) Wins: 181
Red (X) Wins: 19

Vertical Wins: 87
Horizontal Wins: 72
Diagonal Wins: 40

Total Selections: 2713
Total Moves: 2713
Black (O) Wins: 181
Red (X) Wins: 19

Vertical Wins: 94
Horizontal Wins: 69
Diagonal Wins: 36

Total Selections: 2527
Total Moves: 2527
Black (O) Wins: 195
Red (X) Wins: 5

Vertical Wins: 88
Horizontal Wins: 90
Diagonal Wins: 21

Total Selections: 2417
Total Moves: 2417
Black (O) Wins: 181
Red (X) Wins: 19

Vertical Wins: 79
Horizontal Wins: 84
Diagonal Wins: 37

Total Selections: 2469
Total Moves: 2469
Black (O) Wins: 187
Red (X) Wins: 13

Vertical Wins: 69
Horizontal Wins: 103
Diagonal Wins: 28

Total Selections: 2395
Total Moves: 2395
Black (O) Wins: 188
Red (X) Wins: 12

Vertical Wins: 89
Horizontal Wins: 81
Diagonal Wins: 30

Total Selections: 2742
Total Moves: 2742
Black (O) Wins: 191
Red (X) Wins: 9

Vertical Wins: 91
Horizontal Wins: 81
Diagonal Wins: 28

Total Selections: 2703
Total Moves: 2703
Black (O) Wins: 187
Red (X) Wins: 13

Vertical Wins: 93
Horizontal Wins: 71
Diagonal Wins: 36

Total Selections: 2663
Total Moves: 2663
